\BOOKMARK [0][-]{dummy.1}{\376\377\000P\000r\000e\000f\000a\000c\000e}{}% 1
\BOOKMARK [0][-]{dummy.2}{\376\377\000A\000s\000s\000i\000g\000n\000m\000e\000n\000t}{}% 2
\BOOKMARK [0][-]{dummy.3}{\376\377\000A\000b\000s\000t\000r\000a\000c\000t}{}% 3
\BOOKMARK [0][-]{dummy.5}{\376\377\000L\000i\000s\000t\000\040\000o\000f\000\040\000F\000i\000g\000u\000r\000e\000s}{}% 4
\BOOKMARK [0][-]{dummy.7}{\376\377\000L\000i\000s\000t\000\040\000o\000f\000\040\000T\000a\000b\000l\000e\000s}{}% 5
\BOOKMARK [0][-]{chapter.10}{\376\377\0001\000\040\000I\000n\000t\000r\000o\000d\000u\000c\000t\000i\000o\000n}{}% 6
\BOOKMARK [1][-]{section.11}{\376\377\0001\000.\0001\000\040\000M\000o\000t\000i\000v\000a\000t\000i\000o\000n}{chapter.10}% 7
\BOOKMARK [1][-]{section.12}{\376\377\0001\000.\0002\000\040\000P\000r\000o\000b\000l\000e\000m\000\040\000d\000e\000f\000i\000n\000i\000t\000i\000o\000n}{chapter.10}% 8
\BOOKMARK [1][-]{section.13}{\376\377\0001\000.\0003\000\040\000S\000t\000r\000u\000c\000t\000u\000r\000e\000\040\000o\000f\000\040\000t\000h\000e\000\040\000r\000e\000p\000o\000r\000t}{chapter.10}% 9
\BOOKMARK [2][-]{subsection.14}{\376\377\0001\000.\0003\000.\0001\000\040\000C\000h\000a\000p\000t\000e\000r\000\040\0001\000\040\000I\000n\000t\000r\000o\000d\000u\000c\000t\000i\000o\000n}{section.13}% 10
\BOOKMARK [2][-]{subsection.15}{\376\377\0001\000.\0003\000.\0002\000\040\000C\000h\000a\000p\000t\000e\000r\000\040\0002\000\040\000T\000h\000e\000o\000r\000y}{section.13}% 11
\BOOKMARK [2][-]{subsection.16}{\376\377\0001\000.\0003\000.\0003\000\040\000C\000h\000a\000p\000t\000e\000r\000\040\0003\000\040\000T\000e\000c\000h\000n\000o\000l\000o\000g\000y\000\040\000a\000n\000d\000\040\000M\000e\000t\000h\000o\000d}{section.13}% 12
\BOOKMARK [2][-]{subsection.17}{\376\377\0001\000.\0003\000.\0004\000\040\000C\000h\000a\000p\000t\000e\000r\000\040\0004\000\040\000R\000e\000s\000u\000l\000t\000s}{section.13}% 13
\BOOKMARK [2][-]{subsection.21}{\376\377\0001\000.\0003\000.\0005\000\040\000C\000h\000a\000p\000t\000e\000r\000\040\0005\000\040\000D\000i\000s\000c\000u\000s\000s\000i\000o\000n}{section.13}% 14
\BOOKMARK [2][-]{subsection.25}{\376\377\0001\000.\0003\000.\0006\000\040\000C\000h\000a\000p\000t\000e\000r\000\040\0006\000\040\000C\000o\000n\000c\000l\000u\000s\000i\000o\000n}{section.13}% 15
\BOOKMARK [2][-]{subsection.26}{\376\377\0001\000.\0003\000.\0007\000\040\000A\000t\000t\000a\000c\000h\000m\000e\000n\000t\000s}{section.13}% 16
\BOOKMARK [1][-]{section.27}{\376\377\0001\000.\0004\000\040\000T\000a\000r\000g\000e\000t\000\040\000a\000u\000d\000i\000e\000n\000c\000e}{chapter.10}% 17
\BOOKMARK [2][-]{subsection.28}{\376\377\0001\000.\0004\000.\0001\000\040\000A\000p\000p\000l\000i\000c\000a\000t\000i\000o\000n}{section.27}% 18
\BOOKMARK [1][-]{section.29}{\376\377\0001\000.\0005\000\040\000P\000u\000r\000p\000o\000s\000e}{chapter.10}% 19
\BOOKMARK [1][-]{section.30}{\376\377\0001\000.\0006\000\040\000A\000b\000b\000r\000e\000v\000i\000a\000t\000i\000o\000n\000s}{chapter.10}% 20
\BOOKMARK [0][-]{chapter.32}{\376\377\0002\000\040\000T\000h\000e\000o\000r\000y}{}% 21
\BOOKMARK [1][-]{section.33}{\376\377\0002\000.\0001\000\040\000H\000a\000n\000d\000w\000r\000i\000t\000i\000n\000g\000\040\000r\000e\000c\000o\000g\000n\000i\000t\000i\000o\000n}{chapter.32}% 22
\BOOKMARK [2][-]{subsection.34}{\376\377\0002\000.\0001\000.\0001\000\040\000M\000a\000i\000n\000\040\000a\000p\000p\000r\000o\000a\000c\000h\000e\000s}{section.33}% 23
\BOOKMARK [2][-]{subsection.36}{\376\377\0002\000.\0001\000.\0002\000\040\000C\000o\000m\000m\000o\000n\000\040\000s\000t\000e\000p\000s\000\040\000i\000n\000\040\000h\000a\000n\000d\000w\000r\000i\000t\000i\000n\000g\000\040\000r\000e\000c\000o\000g\000n\000i\000t\000i\000o\000n}{section.33}% 24
\BOOKMARK [3][-]{subsubsection.37}{\376\377\0002\000.\0001\000.\0002\000.\0001\000\040\000P\000r\000e\000p\000r\000o\000c\000e\000s\000s\000i\000n\000g}{subsection.36}% 25
\BOOKMARK [3][-]{subsubsection.40}{\376\377\0002\000.\0001\000.\0002\000.\0002\000\040\000S\000e\000g\000m\000e\000n\000t\000a\000t\000i\000o\000n}{subsection.36}% 26
\BOOKMARK [3][-]{subsubsection.42}{\376\377\0002\000.\0001\000.\0002\000.\0003\000\040\000C\000l\000a\000s\000s\000i\000f\000i\000c\000a\000t\000i\000o\000n\000\040\000o\000f\000\040\000s\000y\000m\000b\000o\000l\000s}{subsection.36}% 27
\BOOKMARK [3][-]{subsubsection.43}{\376\377\0002\000.\0001\000.\0002\000.\0004\000\040\000P\000o\000s\000t\000p\000r\000o\000c\000e\000s\000s\000i\000n\000g}{subsection.36}% 28
\BOOKMARK [1][-]{section.44}{\376\377\0002\000.\0002\000\040\000R\000e\000c\000o\000g\000n\000i\000t\000i\000o\000n\000\040\000o\000f\000\040\000h\000a\000n\000d\000w\000r\000i\000t\000t\000e\000n\000\040\000m\000a\000t\000h\000e\000m\000a\000t\000i\000c\000s}{chapter.32}% 29
\BOOKMARK [2][-]{subsection.46}{\376\377\0002\000.\0002\000.\0001\000\040\000P\000r\000e\000v\000i\000o\000u\000s\000\040\000w\000o\000r\000k\000\040\000a\000n\000d\000\040\000e\000x\000i\000s\000t\000i\000n\000g\000\040\000s\000o\000l\000u\000t\000i\000o\000n\000s}{section.44}% 30
\BOOKMARK [2][-]{subsection.47}{\376\377\0002\000.\0002\000.\0002\000\040\000I\000n\000k\000M\000L}{section.44}% 31
\BOOKMARK [1][-]{section.65}{\376\377\0002\000.\0003\000\040\000M\000a\000c\000h\000i\000n\000e\000\040\000l\000e\000a\000r\000n\000i\000n\000g}{chapter.32}% 32
\BOOKMARK [2][-]{subsection.66}{\376\377\0002\000.\0003\000.\0001\000\040\000S\000u\000p\000e\000r\000v\000i\000s\000e\000d\000\040\000l\000e\000a\000r\000n\000i\000n\000g}{section.65}% 33
\BOOKMARK [1][-]{section.67}{\376\377\0002\000.\0004\000\040\000A\000r\000t\000i\000f\000i\000c\000i\000a\000l\000\040\000n\000e\000u\000r\000a\000l\000\040\000n\000e\000t\000w\000o\000r\000k\000s}{chapter.32}% 34
\BOOKMARK [2][-]{subsection.72}{\376\377\0002\000.\0004\000.\0001\000\040\000A\000c\000t\000i\000v\000a\000t\000i\000o\000n\000\040\000f\000u\000n\000c\000t\000i\000o\000n\000s}{section.67}% 35
\BOOKMARK [3][-]{subsubsection.76}{\376\377\0002\000.\0004\000.\0001\000.\0001\000\040\000R\000e\000L\000U}{subsection.72}% 36
\BOOKMARK [3][-]{subsubsection.78}{\376\377\0002\000.\0004\000.\0001\000.\0002\000\040\000S\000o\000f\000t\000m\000a\000x}{subsection.72}% 37
\BOOKMARK [3][-]{subsubsection.80}{\376\377\0002\000.\0004\000.\0001\000.\0003\000\040\000S\000i\000g\000m\000o\000i\000d}{subsection.72}% 38
\BOOKMARK [3][-]{subsubsection.82}{\376\377\0002\000.\0004\000.\0001\000.\0004\000\040\000T\000a\000n\000h}{subsection.72}% 39
\BOOKMARK [2][-]{subsection.84}{\376\377\0002\000.\0004\000.\0002\000\040\000L\000o\000s\000s\000\040\000f\000u\000n\000c\000t\000i\000o\000n\000s}{section.67}% 40
\BOOKMARK [3][-]{subsubsection.86}{\376\377\0002\000.\0004\000.\0002\000.\0001\000\040\000C\000r\000o\000s\000s\000e\000n\000t\000r\000o\000p\000y}{subsection.84}% 41
\BOOKMARK [2][-]{subsection.91}{\376\377\0002\000.\0004\000.\0003\000\040\000T\000r\000a\000i\000n\000i\000n\000g\000\040\000n\000e\000u\000r\000a\000l\000\040\000n\000e\000t\000w\000o\000r\000k\000s}{section.67}% 42
\BOOKMARK [3][-]{subsubsection.92}{\376\377\0002\000.\0004\000.\0003\000.\0001\000\040\000T\000r\000a\000i\000n\000i\000n\000g\000\040\000w\000i\000t\000h\000\040\000b\000a\000c\000k\000p\000r\000o\000p\000a\000g\000a\000t\000i\000o\000n}{subsection.91}% 43
\BOOKMARK [3][-]{subsubsection.95}{\376\377\0002\000.\0004\000.\0003\000.\0002\000\040\000B\000a\000c\000k\000p\000r\000o\000p\000a\000g\000a\000t\000i\000n\000g\000\040\000t\000h\000r\000o\000u\000g\000h\000\040\000t\000i\000m\000e}{subsection.91}% 44
\BOOKMARK [2][-]{subsection.96}{\376\377\0002\000.\0004\000.\0004\000\040\000D\000r\000o\000p\000o\000u\000t}{section.67}% 45
\BOOKMARK [2][-]{subsection.98}{\376\377\0002\000.\0004\000.\0005\000\040\000C\000o\000m\000m\000o\000n\000\040\000p\000r\000o\000b\000l\000e\000m\000s}{section.67}% 46
\BOOKMARK [1][-]{section.101}{\376\377\0002\000.\0005\000\040\000F\000e\000e\000d\000f\000o\000r\000w\000a\000r\000d\000\040\000n\000e\000u\000r\000a\000l\000\040\000n\000e\000t\000w\000o\000r\000k\000s}{chapter.32}% 47
\BOOKMARK [2][-]{subsection.102}{\376\377\0002\000.\0005\000.\0001\000\040\000C\000o\000n\000v\000o\000l\000u\000t\000i\000o\000n\000a\000l\000\040\000N\000e\000t\000w\000o\000r\000k\000s}{section.101}% 48
\BOOKMARK [1][-]{section.115}{\376\377\0002\000.\0006\000\040\000R\000e\000c\000u\000r\000r\000e\000n\000t\000\040\000n\000e\000u\000r\000a\000l\000\040\000n\000e\000t\000w\000o\000r\000k\000s}{chapter.32}% 49
\BOOKMARK [2][-]{subsection.116}{\376\377\0002\000.\0006\000.\0001\000\040\000L\000o\000n\000g\000\040\000s\000h\000o\000r\000t\000-\000t\000e\000r\000m\000\040\000m\000e\000m\000o\000r\000y}{section.115}% 50
\BOOKMARK [2][-]{subsection.118}{\376\377\0002\000.\0006\000.\0002\000\040\000G\000a\000t\000e\000d\000\040\000R\000e\000c\000u\000r\000r\000e\000n\000t\000\040\000U\000n\000i\000t}{section.115}% 51
\BOOKMARK [0][-]{chapter.120}{\376\377\0003\000\040\000T\000e\000c\000h\000n\000o\000l\000o\000g\000y\000\040\000a\000n\000d\000\040\000m\000e\000t\000h\000o\000d}{}% 52
\BOOKMARK [1][-]{section.121}{\376\377\0003\000.\0001\000\040\000I\000n\000t\000r\000o\000d\000u\000c\000t\000i\000o\000n}{chapter.120}% 53
\BOOKMARK [1][-]{section.122}{\376\377\0003\000.\0002\000\040\000T\000e\000c\000h\000n\000o\000l\000o\000g\000y}{chapter.120}% 54
\BOOKMARK [2][-]{subsection.123}{\376\377\0003\000.\0002\000.\0001\000\040\000V\000e\000r\000s\000i\000o\000n\000\040\000c\000o\000n\000t\000r\000o\000l}{section.122}% 55
\BOOKMARK [2][-]{subsection.124}{\376\377\0003\000.\0002\000.\0002\000\040\000C\000o\000l\000l\000a\000b\000o\000r\000a\000t\000i\000o\000n\000\040\000t\000o\000o\000l\000s}{section.122}% 56
\BOOKMARK [2][-]{subsection.125}{\376\377\0003\000.\0002\000.\0003\000\040\000P\000y\000t\000h\000o\000n\000\040\000a\000n\000d\000\040\000f\000r\000a\000m\000e\000w\000o\000r\000k\000s}{section.122}% 57
\BOOKMARK [1][-]{section.126}{\376\377\0003\000.\0003\000\040\000A\000r\000c\000h\000i\000t\000e\000c\000t\000u\000r\000e}{chapter.120}% 58
\BOOKMARK [1][-]{section.127}{\376\377\0003\000.\0004\000\040\000P\000r\000e\000p\000a\000r\000i\000n\000g\000\040\000d\000a\000t\000a}{chapter.120}% 59
\BOOKMARK [2][-]{subsection.128}{\376\377\0003\000.\0004\000.\0001\000\040\000T\000r\000a\000c\000e\000s}{section.127}% 60
\BOOKMARK [2][-]{subsection.131}{\376\377\0003\000.\0004\000.\0002\000\040\000I\000m\000a\000g\000e\000s}{section.127}% 61
\BOOKMARK [1][-]{section.134}{\376\377\0003\000.\0005\000\040\000T\000h\000e\000\040\000r\000e\000c\000o\000g\000n\000i\000t\000i\000o\000n\000\040\000s\000y\000s\000t\000e\000m}{chapter.120}% 62
\BOOKMARK [2][-]{subsection.135}{\376\377\0003\000.\0005\000.\0001\000\040\000P\000r\000e\000p\000r\000o\000c\000e\000s\000s\000i\000n\000g\000\040\000a\000n\000d\000\040\000s\000e\000g\000m\000e\000n\000t\000a\000t\000i\000o\000n}{section.134}% 63
\BOOKMARK [2][-]{subsection.136}{\376\377\0003\000.\0005\000.\0002\000\040\000M\000o\000d\000e\000l\000\040\000a\000r\000c\000h\000i\000t\000e\000c\000t\000u\000r\000e}{section.134}% 64
\BOOKMARK [3][-]{subsubsection.137}{\376\377\0003\000.\0005\000.\0002\000.\0001\000\040\000R\000N\000N\000\040\000m\000o\000d\000e\000l}{subsection.136}% 65
\BOOKMARK [3][-]{subsubsection.139}{\376\377\0003\000.\0005\000.\0002\000.\0002\000\040\000C\000N\000N\000\040\000m\000o\000d\000e\000l}{subsection.136}% 66
\BOOKMARK [3][-]{subsubsection.141}{\376\377\0003\000.\0005\000.\0002\000.\0003\000\040\000C\000o\000m\000b\000i\000n\000e\000d\000\040\000m\000o\000d\000e\000l}{subsection.136}% 67
\BOOKMARK [2][-]{subsection.143}{\376\377\0003\000.\0005\000.\0003\000\040\000I\000n\000t\000e\000r\000p\000r\000e\000t\000a\000t\000i\000o\000n\000\040\000a\000n\000d\000\040\000c\000o\000n\000t\000e\000x\000t\000\040\000s\000e\000a\000r\000c\000h}{section.134}% 68
\BOOKMARK [3][-]{subsubsection.145}{\376\377\0003\000.\0005\000.\0003\000.\0001\000\040\000T\000h\000e\000\040\000m\000a\000i\000n\000\040\000f\000u\000n\000c\000t\000i\000o\000n}{subsection.143}% 69
\BOOKMARK [3][-]{subsubsection.152}{\376\377\0003\000.\0005\000.\0003\000.\0002\000\040\000S\000q\000u\000a\000r\000e\000\040\000r\000o\000o\000t\000s}{subsection.143}% 70
\BOOKMARK [3][-]{subsubsection.155}{\376\377\0003\000.\0005\000.\0003\000.\0003\000\040\000F\000r\000a\000c\000t\000i\000o\000n\000s}{subsection.143}% 71
\BOOKMARK [3][-]{subsubsection.157}{\376\377\0003\000.\0005\000.\0003\000.\0004\000\040\000E\000x\000p\000o\000n\000e\000n\000t\000s}{subsection.143}% 72
\BOOKMARK [3][-]{subsubsection.160}{\376\377\0003\000.\0005\000.\0003\000.\0005\000\040\000S\000p\000e\000c\000i\000a\000l\000\040\000c\000a\000s\000e\000\040\000s\000y\000m\000b\000o\000l\000s}{subsection.143}% 73
\BOOKMARK [2][-]{subsection.161}{\376\377\0003\000.\0005\000.\0004\000\040\000C\000o\000n\000v\000e\000r\000t\000i\000n\000g\000\040\000t\000o\000\040\000L\000a\000T\000e\000X}{section.134}% 74
\BOOKMARK [1][-]{section.162}{\376\377\0003\000.\0006\000\040\000T\000h\000e\000\040\000p\000r\000o\000j\000e\000c\000t\000\040\000p\000r\000o\000c\000e\000s\000s}{chapter.120}% 75
\BOOKMARK [1][-]{section.163}{\376\377\0003\000.\0007\000\040\000T\000e\000a\000m\000w\000o\000r\000k\000\040\000a\000n\000d\000\040\000r\000o\000l\000e\000s}{chapter.120}% 76
\BOOKMARK [0][-]{chapter.164}{\376\377\0004\000\040\000R\000e\000s\000u\000l\000t\000s}{}% 77
\BOOKMARK [1][-]{section.165}{\376\377\0004\000.\0001\000\040\000S\000c\000i\000e\000n\000t\000i\000f\000i\000c\000\040\000r\000e\000s\000u\000l\000t\000s}{chapter.164}% 78
\BOOKMARK [1][-]{section.172}{\376\377\0004\000.\0002\000\040\000E\000n\000g\000i\000n\000e\000e\000r\000i\000n\000g\000\040\000r\000e\000s\000u\000l\000t\000s}{chapter.164}% 79
\BOOKMARK [2][-]{subsection.174}{\376\377\0004\000.\0002\000.\0001\000\040\000U\000s\000e\000r\000\040\000I\000n\000t\000e\000r\000f\000a\000c\000e}{section.172}% 80
\BOOKMARK [1][-]{section.175}{\376\377\0004\000.\0003\000\040\000A\000d\000m\000i\000n\000i\000s\000t\000r\000a\000t\000i\000v\000e\000\040\000r\000e\000s\000u\000l\000t\000s}{chapter.164}% 81
\BOOKMARK [0][-]{chapter.176}{\376\377\0005\000\040\000D\000i\000s\000c\000u\000s\000s\000i\000o\000n}{}% 82
\BOOKMARK [1][-]{section.177}{\376\377\0005\000.\0001\000\040\000S\000c\000i\000e\000n\000t\000i\000f\000i\000c\000\040\000r\000e\000s\000u\000l\000t}{chapter.176}% 83
\BOOKMARK [2][-]{subsection.178}{\376\377\0005\000.\0001\000.\0001\000\040}{section.177}% 84
\BOOKMARK [1][-]{section.179}{\376\377\0005\000.\0002\000\040\000T\000h\000e\000\040\000f\000i\000n\000a\000l\000\040\000p\000r\000o\000d\000u\000c\000t}{chapter.176}% 85
\BOOKMARK [2][-]{subsection.180}{\376\377\0005\000.\0002\000.\0001\000\040}{section.179}% 86
\BOOKMARK [2][-]{subsection.181}{\376\377\0005\000.\0002\000.\0002\000\040\000P\000r\000o\000c\000e\000s\000s\000,\000\040\000a\000p\000p\000r\000o\000a\000c\000h\000\040\000a\000n\000d\000\040\000t\000e\000c\000h\000n\000o\000l\000o\000g\000y}{section.179}% 87
\BOOKMARK [2][-]{subsection.182}{\376\377\0005\000.\0002\000.\0003\000\040\000S\000t\000r\000e\000n\000g\000t\000h\000s\000\040\000a\000n\000d\000\040\000w\000e\000a\000k\000n\000e\000s\000s\000e\000s}{section.179}% 88
\BOOKMARK [1][-]{section.183}{\376\377\0005\000.\0003\000\040}{chapter.176}% 89
\BOOKMARK [2][-]{subsection.184}{\376\377\0005\000.\0003\000.\0001\000\040\000E\000t\000h\000i\000c\000s}{section.183}% 90
\BOOKMARK [1][-]{section.185}{\376\377\0005\000.\0004\000\040\000T\000h\000e\000\040\000d\000e\000v\000e\000l\000o\000p\000m\000e\000n\000t\000\040\000p\000r\000o\000c\000e\000s\000s}{chapter.176}% 91
\BOOKMARK [2][-]{subsection.186}{\376\377\0005\000.\0004\000.\0001\000\040\000T\000e\000a\000m\000w\000o\000r\000k}{section.185}% 92
\BOOKMARK [2][-]{subsection.187}{\376\377\0005\000.\0004\000.\0002\000\040\000P\000r\000o\000f\000e\000s\000s\000i\000o\000n\000a\000l\000\040\000e\000t\000h\000i\000c\000s}{section.185}% 93
\BOOKMARK [0][-]{appendix.188}{\376\377\000A\000\040\000S\000y\000s\000t\000e\000m\000\040\000d\000o\000c\000u\000m\000e\000n\000t\000a\000t\000i\000o\000n}{}% 94
\BOOKMARK [0][-]{dummy.189}{\376\377\000B\000i\000b\000l\000i\000o\000g\000r\000a\000p\000h\000y}{}% 95
